{"duration":42,"file":"/Users/zhujianxin/Documents/go/src/golang-iris-web/web/mdw.go:80","func":"IRIS_WEB/web.NewAccessLogMdw.func1.1","ip":"127.0.0.1","level":"info","method":"GET","msg":"non json body...","path":"/","queries":"","reqbody":"","time":"2020-01-15T09:37:34+08:00"}
{"duration":4,"file":"/Users/zhujianxin/Documents/go/src/BLOG/middleware/recover.go:80","func":"BLOG/middleware.AccessLog.func1.1","ip":"::1","level":"info","method":"GET","msg":"non json body...","path":"/","queries":"","reqbody":"","time":"2020-01-15T18:04:33+08:00"}
{"duration":0,"file":"/Users/zhujianxin/Documents/go/src/BLOG/middleware/recover.go:80","func":"BLOG/middleware.AccessLog.func1.1","ip":"::1","level":"info","method":"GET","msg":"non json body...","path":"/css/common.css","queries":"sdjfklsd=","reqbody":"","time":"2020-01-15T18:04:33+08:00"}
{"duration":0,"file":"/Users/zhujianxin/Documents/go/src/BLOG/middleware/recover.go:80","func":"BLOG/middleware.AccessLog.func1.1","ip":"::1","level":"info","method":"GET","msg":"non json body...","path":"/js/common.js","queries":"","reqbody":"","time":"2020-01-15T18:04:33+08:00"}
{"duration":0,"file":"/Users/zhujianxin/Documents/go/src/BLOG/middleware/recover.go:80","func":"BLOG/middleware.AccessLog.func1.1","ip":"::1","level":"info","method":"GET","msg":"non json body...","path":"/js/common.js","queries":"","reqbody":"","time":"2020-01-15T18:04:34+08:00"}
{"duration":4,"file":"/Users/zhujianxin/Documents/go/src/BLOG/middleware/recover.go:80","func":"BLOG/middleware.AccessLog.func1.1","ip":"::1","level":"info","method":"GET","msg":"non json body...","path":"/","queries":"","reqbody":"","time":"2020-01-15T18:05:07+08:00"}
{"duration":0,"file":"/Users/zhujianxin/Documents/go/src/BLOG/middleware/recover.go:80","func":"BLOG/middleware.AccessLog.func1.1","ip":"::1","level":"info","method":"GET","msg":"non json body...","path":"/css/common.css","queries":"sdjfklsd=","reqbody":"","time":"2020-01-15T18:05:07+08:00"}
{"duration":0,"file":"/Users/zhujianxin/Documents/go/src/BLOG/middleware/recover.go:80","func":"BLOG/middleware.AccessLog.func1.1","ip":"::1","level":"info","method":"GET","msg":"non json body...","path":"/js/common.js","queries":"","reqbody":"","time":"2020-01-15T18:05:07+08:00"}
{"duration":4,"file":"/Users/zhujianxin/Documents/go/src/BLOG/middleware/recover.go:80","func":"BLOG/middleware.AccessLog.func1.1","ip":"::1","level":"info","method":"GET","msg":"non json body...","path":"/","queries":"","reqbody":"","time":"2020-01-15T18:10:27+08:00"}
{"duration":0,"file":"/Users/zhujianxin/Documents/go/src/BLOG/middleware/recover.go:80","func":"BLOG/middleware.AccessLog.func1.1","ip":"::1","level":"info","method":"GET","msg":"non json body...","path":"/css/common.css","queries":"sdjfklsd=","reqbody":"","time":"2020-01-15T18:10:27+08:00"}
{"duration":0,"file":"/Users/zhujianxin/Documents/go/src/BLOG/middleware/recover.go:80","func":"BLOG/middleware.AccessLog.func1.1","ip":"::1","level":"info","method":"GET","msg":"non json body...","path":"/lib/web-detector.js","queries":"","reqbody":"","time":"2020-01-15T18:10:27+08:00"}
{"duration":0,"file":"/Users/zhujianxin/Documents/go/src/BLOG/middleware/recover.go:80","func":"BLOG/middleware.AccessLog.func1.1","ip":"::1","level":"info","method":"GET","msg":"non json body...","path":"/lib/markdownit.js","queries":"","reqbody":"","time":"2020-01-15T18:10:27+08:00"}
{"duration":0,"file":"/Users/zhujianxin/Documents/go/src/BLOG/middleware/recover.go:80","func":"BLOG/middleware.AccessLog.func1.1","ip":"::1","level":"info","method":"GET","msg":"non json body...","path":"/js/common.js","queries":"","reqbody":"","time":"2020-01-15T18:10:27+08:00"}
{"duration":15,"file":"/Users/zhujianxin/Documents/go/src/BLOG/middleware/recover.go:80","func":"BLOG/middleware.AccessLog.func1.1","ip":"::1","level":"info","method":"GET","msg":"non json body...","path":"/","queries":"","reqbody":"","time":"2020-01-15T21:31:18+08:00"}
{"duration":0,"file":"/Users/zhujianxin/Documents/go/src/BLOG/middleware/recover.go:80","func":"BLOG/middleware.AccessLog.func1.1","ip":"::1","level":"info","method":"GET","msg":"non json body...","path":"/css/common.css","queries":"sdjfklsd=","reqbody":"","time":"2020-01-15T21:31:18+08:00"}
{"duration":0,"file":"/Users/zhujianxin/Documents/go/src/BLOG/middleware/recover.go:80","func":"BLOG/middleware.AccessLog.func1.1","ip":"::1","level":"info","method":"GET","msg":"non json body...","path":"/lib/web-detector.js","queries":"","reqbody":"","time":"2020-01-15T21:31:18+08:00"}
{"duration":0,"file":"/Users/zhujianxin/Documents/go/src/BLOG/middleware/recover.go:80","func":"BLOG/middleware.AccessLog.func1.1","ip":"::1","level":"info","method":"GET","msg":"non json body...","path":"/lib/markdownit.js","queries":"","reqbody":"","time":"2020-01-15T21:31:18+08:00"}
{"duration":1,"file":"/Users/zhujianxin/Documents/go/src/BLOG/middleware/recover.go:80","func":"BLOG/middleware.AccessLog.func1.1","ip":"::1","level":"info","method":"GET","msg":"non json body...","path":"/js/common.js","queries":"","reqbody":"","time":"2020-01-15T21:31:18+08:00"}
{"duration":0,"file":"/Users/zhujianxin/Documents/go/src/BLOG/middleware/recover.go:80","func":"BLOG/middleware.AccessLog.func1.1","ip":"::1","level":"info","method":"GET","msg":"non json body...","path":"/lib/markdownit.js","queries":"","reqbody":"","time":"2020-01-15T21:31:18+08:00"}
{"duration":0,"file":"/Users/zhujianxin/Documents/go/src/BLOG/middleware/recover.go:80","func":"BLOG/middleware.AccessLog.func1.1","ip":"::1","level":"info","method":"GET","msg":"non json body...","path":"/js/common.js","queries":"","reqbody":"","time":"2020-01-15T21:31:18+08:00"}
{"duration":5,"file":"/Users/zhujianxin/Documents/go/src/BLOG/middleware/recover.go:80","func":"BLOG/middleware.AccessLog.func1.1","ip":"::1","level":"info","method":"GET","msg":"non json body...","path":"/","queries":"","reqbody":"","time":"2020-01-15T21:31:20+08:00"}
{"duration":0,"file":"/Users/zhujianxin/Documents/go/src/BLOG/middleware/recover.go:80","func":"BLOG/middleware.AccessLog.func1.1","ip":"::1","level":"info","method":"GET","msg":"non json body...","path":"/css/common.css","queries":"sdjfklsd=","reqbody":"","time":"2020-01-15T21:31:20+08:00"}
{"duration":0,"file":"/Users/zhujianxin/Documents/go/src/BLOG/middleware/recover.go:80","func":"BLOG/middleware.AccessLog.func1.1","ip":"::1","level":"info","method":"GET","msg":"non json body...","path":"/lib/web-detector.js","queries":"","reqbody":"","time":"2020-01-15T21:31:20+08:00"}
{"duration":0,"file":"/Users/zhujianxin/Documents/go/src/BLOG/middleware/recover.go:80","func":"BLOG/middleware.AccessLog.func1.1","ip":"::1","level":"info","method":"GET","msg":"non json body...","path":"/js/common.js","queries":"","reqbody":"","time":"2020-01-15T21:31:20+08:00"}
{"duration":0,"file":"/Users/zhujianxin/Documents/go/src/BLOG/middleware/recover.go:80","func":"BLOG/middleware.AccessLog.func1.1","ip":"::1","level":"info","method":"GET","msg":"non json body...","path":"/lib/markdownit.js","queries":"","reqbody":"","time":"2020-01-15T21:31:20+08:00"}
{"duration":0,"file":"/Users/zhujianxin/Documents/go/src/BLOG/middleware/recover.go:80","func":"BLOG/middleware.AccessLog.func1.1","ip":"::1","level":"info","method":"GET","msg":"non json body...","path":"/js/common.js","queries":"","reqbody":"","time":"2020-01-15T21:31:20+08:00"}
{"duration":5,"file":"/Users/zhujianxin/Documents/go/src/BLOG/middleware/recover.go:80","func":"BLOG/middleware.AccessLog.func1.1","ip":"::1","level":"info","method":"GET","msg":"non json body...","path":"/","queries":"","reqbody":"","time":"2020-01-15T21:32:11+08:00"}
{"duration":0,"file":"/Users/zhujianxin/Documents/go/src/BLOG/middleware/recover.go:80","func":"BLOG/middleware.AccessLog.func1.1","ip":"::1","level":"info","method":"GET","msg":"non json body...","path":"/css/common.css","queries":"sdjfklsd=","reqbody":"","time":"2020-01-15T21:32:11+08:00"}
{"duration":0,"file":"/Users/zhujianxin/Documents/go/src/BLOG/middleware/recover.go:80","func":"BLOG/middleware.AccessLog.func1.1","ip":"::1","level":"info","method":"GET","msg":"non json body...","path":"/lib/web-detector.js","queries":"","reqbody":"","time":"2020-01-15T21:32:11+08:00"}
{"duration":0,"file":"/Users/zhujianxin/Documents/go/src/BLOG/middleware/recover.go:80","func":"BLOG/middleware.AccessLog.func1.1","ip":"::1","level":"info","method":"GET","msg":"non json body...","path":"/lib/markdownit.js","queries":"","reqbody":"","time":"2020-01-15T21:32:11+08:00"}
{"duration":0,"file":"/Users/zhujianxin/Documents/go/src/BLOG/middleware/recover.go:80","func":"BLOG/middleware.AccessLog.func1.1","ip":"::1","level":"info","method":"GET","msg":"non json body...","path":"/js/common.js","queries":"","reqbody":"","time":"2020-01-15T21:32:11+08:00"}
{"duration":5,"file":"/Users/zhujianxin/Documents/go/src/BLOG/middleware/recover.go:80","func":"BLOG/middleware.AccessLog.func1.1","ip":"::1","level":"info","method":"GET","msg":"non json body...","path":"/","queries":"","reqbody":"","time":"2020-01-15T21:32:17+08:00"}
{"duration":4,"file":"/Users/zhujianxin/Documents/go/src/BLOG/middleware/recover.go:80","func":"BLOG/middleware.AccessLog.func1.1","ip":"::1","level":"info","method":"GET","msg":"non json body...","path":"/","queries":"","reqbody":"","time":"2020-01-15T21:32:18+08:00"}
{"duration":5,"file":"/Users/zhujianxin/Documents/go/src/BLOG/middleware/recover.go:80","func":"BLOG/middleware.AccessLog.func1.1","ip":"::1","level":"info","method":"GET","msg":"non json body...","path":"/","queries":"","reqbody":"","time":"2020-01-15T21:32:34+08:00"}
{"duration":13,"file":"/Users/zhujianxin/Documents/go/src/BLOG/middleware/recover.go:80","func":"BLOG/middleware.AccessLog.func1.1","ip":"::1","level":"info","method":"GET","msg":"non json body...","path":"/","queries":"","reqbody":"","time":"2020-01-15T21:44:02+08:00"}
{"duration":0,"file":"/Users/zhujianxin/Documents/go/src/BLOG/middleware/recover.go:80","func":"BLOG/middleware.AccessLog.func1.1","ip":"::1","level":"info","method":"GET","msg":"non json body...","path":"/css/common.css","queries":"sdjfklsd=","reqbody":"","time":"2020-01-15T22:23:22+08:00"}
{"duration":0,"file":"/Users/zhujianxin/Documents/go/src/BLOG/middleware/recover.go:80","func":"BLOG/middleware.AccessLog.func1.1","ip":"::1","level":"info","method":"GET","msg":"non json body...","path":"/js/common.js","queries":"","reqbody":"","time":"2020-01-15T22:23:22+08:00"}
{"duration":0,"file":"/Users/zhujianxin/Documents/go/src/BLOG/middleware/recover.go:80","func":"BLOG/middleware.AccessLog.func1.1","ip":"::1","level":"info","method":"GET","msg":"non json body...","path":"/js/common.js","queries":"","reqbody":"","time":"2020-01-15T22:23:22+08:00"}
{"duration":5,"file":"/Users/zhujianxin/Documents/go/src/BLOG/middleware/recover.go:80","func":"BLOG/middleware.AccessLog.func1.1","ip":"::1","level":"info","method":"GET","msg":"non json body...","path":"/","queries":"","reqbody":"","time":"2020-01-15T23:05:49+08:00"}
{"duration":0,"file":"/Users/zhujianxin/Documents/go/src/BLOG/middleware/recover.go:80","func":"BLOG/middleware.AccessLog.func1.1","ip":"::1","level":"info","method":"GET","msg":"non json body...","path":"/css/common.css","queries":"sdjfklsd=","reqbody":"","time":"2020-01-15T23:05:49+08:00"}
{"duration":0,"file":"/Users/zhujianxin/Documents/go/src/BLOG/middleware/recover.go:80","func":"BLOG/middleware.AccessLog.func1.1","ip":"::1","level":"info","method":"GET","msg":"non json body...","path":"/lib/web-detector.js","queries":"","reqbody":"","time":"2020-01-15T23:05:49+08:00"}
{"duration":0,"file":"/Users/zhujianxin/Documents/go/src/BLOG/middleware/recover.go:80","func":"BLOG/middleware.AccessLog.func1.1","ip":"::1","level":"info","method":"GET","msg":"non json body...","path":"/lib/markdownit.js","queries":"","reqbody":"","time":"2020-01-15T23:05:49+08:00"}
{"duration":0,"file":"/Users/zhujianxin/Documents/go/src/BLOG/middleware/recover.go:80","func":"BLOG/middleware.AccessLog.func1.1","ip":"::1","level":"info","method":"GET","msg":"non json body...","path":"/js/common.js","queries":"","reqbody":"","time":"2020-01-15T23:05:49+08:00"}
{"duration":13,"file":"/Users/zhujianxin/Documents/go/src/BLOG/middleware/recover.go:80","func":"BLOG/middleware.AccessLog.func1.1","ip":"::1","level":"info","method":"GET","msg":"non json body...","path":"/","queries":"","reqbody":"","time":"2020-01-15T23:14:56+08:00"}
{"duration":15,"file":"/Users/zhujianxin/Documents/go/src/BLOG/middleware/recover.go:80","func":"BLOG/middleware.AccessLog.func1.1","ip":"::1","level":"info","method":"GET","msg":"non json body...","path":"/","queries":"","reqbody":"","time":"2020-01-15T23:34:36+08:00"}
{"duration":0,"file":"/Users/zhujianxin/Documents/go/src/BLOG/middleware/recover.go:80","func":"BLOG/middleware.AccessLog.func1.1","ip":"::1","level":"info","method":"GET","msg":"non json body...","path":"/css/common.css","queries":"sdjfklsd=","reqbody":"","time":"2020-01-15T23:34:36+08:00"}
{"duration":0,"file":"/Users/zhujianxin/Documents/go/src/BLOG/middleware/recover.go:80","func":"BLOG/middleware.AccessLog.func1.1","ip":"::1","level":"info","method":"GET","msg":"non json body...","path":"/lib/web-detector.js","queries":"","reqbody":"","time":"2020-01-15T23:34:36+08:00"}
{"duration":0,"file":"/Users/zhujianxin/Documents/go/src/BLOG/middleware/recover.go:80","func":"BLOG/middleware.AccessLog.func1.1","ip":"::1","level":"info","method":"GET","msg":"non json body...","path":"/lib/markdownit.js","queries":"","reqbody":"","time":"2020-01-15T23:34:36+08:00"}
{"duration":0,"file":"/Users/zhujianxin/Documents/go/src/BLOG/middleware/recover.go:80","func":"BLOG/middleware.AccessLog.func1.1","ip":"::1","level":"info","method":"GET","msg":"non json body...","path":"/js/common.js","queries":"","reqbody":"","time":"2020-01-15T23:34:36+08:00"}
{"duration":0,"file":"/Users/zhujianxin/Documents/go/src/BLOG/middleware/recover.go:80","func":"BLOG/middleware.AccessLog.func1.1","ip":"::1","level":"info","method":"GET","msg":"non json body...","path":"/lib/markdownit.js","queries":"","reqbody":"","time":"2020-01-15T23:34:37+08:00"}
{"duration":0,"file":"/Users/zhujianxin/Documents/go/src/BLOG/middleware/recover.go:80","func":"BLOG/middleware.AccessLog.func1.1","ip":"::1","level":"info","method":"GET","msg":"non json body...","path":"/js/common.js","queries":"","reqbody":"","time":"2020-01-15T23:34:37+08:00"}
{"duration":4,"file":"/Users/zhujianxin/Documents/go/src/BLOG/middleware/recover.go:80","func":"BLOG/middleware.AccessLog.func1.1","ip":"::1","level":"info","method":"GET","msg":"non json body...","path":"/","queries":"","reqbody":"","time":"2020-01-15T23:35:55+08:00"}
{"duration":0,"file":"/Users/zhujianxin/Documents/go/src/BLOG/middleware/recover.go:80","func":"BLOG/middleware.AccessLog.func1.1","ip":"::1","level":"info","method":"GET","msg":"non json body...","path":"/css/common.css","queries":"sdjfklsd=","reqbody":"","time":"2020-01-15T23:35:55+08:00"}
{"duration":0,"file":"/Users/zhujianxin/Documents/go/src/BLOG/middleware/recover.go:80","func":"BLOG/middleware.AccessLog.func1.1","ip":"::1","level":"info","method":"GET","msg":"non json body...","path":"/lib/web-detector.js","queries":"","reqbody":"","time":"2020-01-15T23:35:55+08:00"}
{"duration":0,"file":"/Users/zhujianxin/Documents/go/src/BLOG/middleware/recover.go:80","func":"BLOG/middleware.AccessLog.func1.1","ip":"::1","level":"info","method":"GET","msg":"non json body...","path":"/js/common.js","queries":"","reqbody":"","time":"2020-01-15T23:35:55+08:00"}
{"duration":0,"file":"/Users/zhujianxin/Documents/go/src/BLOG/middleware/recover.go:80","func":"BLOG/middleware.AccessLog.func1.1","ip":"::1","level":"info","method":"GET","msg":"non json body...","path":"/lib/markdownit.js","queries":"","reqbody":"","time":"2020-01-15T23:35:55+08:00"}
{"duration":0,"file":"/Users/zhujianxin/Documents/go/src/BLOG/middleware/recover.go:80","func":"BLOG/middleware.AccessLog.func1.1","ip":"::1","level":"info","method":"GET","msg":"non json body...","path":"/js/common.js","queries":"","reqbody":"","time":"2020-01-15T23:35:55+08:00"}
{"duration":4,"file":"/Users/zhujianxin/Documents/go/src/BLOG/middleware/recover.go:80","func":"BLOG/middleware.AccessLog.func1.1","ip":"::1","level":"info","method":"GET","msg":"non json body...","path":"/sdfd","queries":"","reqbody":"","time":"2020-01-15T23:36:08+08:00"}
{"duration":0,"file":"/Users/zhujianxin/Documents/go/src/BLOG/middleware/recover.go:80","func":"BLOG/middleware.AccessLog.func1.1","ip":"::1","level":"info","method":"GET","msg":"non json body...","path":"/css/common.css","queries":"sdjfklsd=","reqbody":"","time":"2020-01-15T23:36:08+08:00"}
{"duration":0,"file":"/Users/zhujianxin/Documents/go/src/BLOG/middleware/recover.go:80","func":"BLOG/middleware.AccessLog.func1.1","ip":"::1","level":"info","method":"GET","msg":"non json body...","path":"/js/common.js","queries":"","reqbody":"","time":"2020-01-15T23:36:08+08:00"}
{"duration":0,"file":"/Users/zhujianxin/Documents/go/src/BLOG/middleware/recover.go:80","func":"BLOG/middleware.AccessLog.func1.1","ip":"::1","level":"info","method":"GET","msg":"non json body...","path":"/lib/markdownit.js","queries":"","reqbody":"","time":"2020-01-15T23:36:08+08:00"}
{"duration":0,"file":"/Users/zhujianxin/Documents/go/src/BLOG/middleware/recover.go:80","func":"BLOG/middleware.AccessLog.func1.1","ip":"::1","level":"info","method":"GET","msg":"non json body...","path":"/lib/web-detector.js","queries":"","reqbody":"","time":"2020-01-15T23:36:08+08:00"}
{"duration":0,"file":"/Users/zhujianxin/Documents/go/src/BLOG/middleware/recover.go:80","func":"BLOG/middleware.AccessLog.func1.1","ip":"::1","level":"info","method":"GET","msg":"non json body...","path":"/lib/markdownit.js","queries":"","reqbody":"","time":"2020-01-15T23:36:08+08:00"}
{"duration":0,"file":"/Users/zhujianxin/Documents/go/src/BLOG/middleware/recover.go:80","func":"BLOG/middleware.AccessLog.func1.1","ip":"::1","level":"info","method":"GET","msg":"non json body...","path":"/js/common.js","queries":"","reqbody":"","time":"2020-01-15T23:36:08+08:00"}
{"duration":4,"file":"/Users/zhujianxin/Documents/go/src/BLOG/middleware/recover.go:80","func":"BLOG/middleware.AccessLog.func1.1","ip":"::1","level":"info","method":"GET","msg":"non json body...","path":"/sdfd","queries":"","reqbody":"","time":"2020-01-15T23:38:46+08:00"}
{"duration":0,"file":"/Users/zhujianxin/Documents/go/src/BLOG/middleware/recover.go:80","func":"BLOG/middleware.AccessLog.func1.1","ip":"::1","level":"info","method":"GET","msg":"non json body...","path":"/css/common.css","queries":"sdjfklsd=","reqbody":"","time":"2020-01-15T23:38:46+08:00"}
{"duration":0,"file":"/Users/zhujianxin/Documents/go/src/BLOG/middleware/recover.go:80","func":"BLOG/middleware.AccessLog.func1.1","ip":"::1","level":"info","method":"GET","msg":"non json body...","path":"/lib/web-detector.js","queries":"","reqbody":"","time":"2020-01-15T23:38:46+08:00"}
{"duration":0,"file":"/Users/zhujianxin/Documents/go/src/BLOG/middleware/recover.go:80","func":"BLOG/middleware.AccessLog.func1.1","ip":"::1","level":"info","method":"GET","msg":"non json body...","path":"/lib/markdownit.js","queries":"","reqbody":"","time":"2020-01-15T23:38:46+08:00"}
{"duration":0,"file":"/Users/zhujianxin/Documents/go/src/BLOG/middleware/recover.go:80","func":"BLOG/middleware.AccessLog.func1.1","ip":"::1","level":"info","method":"GET","msg":"non json body...","path":"/js/common.js","queries":"","reqbody":"","time":"2020-01-15T23:38:46+08:00"}
{"duration":5,"file":"/Users/zhujianxin/Documents/go/src/BLOG/middleware/recover.go:80","func":"BLOG/middleware.AccessLog.func1.1","ip":"::1","level":"info","method":"GET","msg":"non json body...","path":"/sdfd","queries":"","reqbody":"","time":"2020-01-15T23:38:47+08:00"}
{"duration":0,"file":"/Users/zhujianxin/Documents/go/src/BLOG/middleware/recover.go:80","func":"BLOG/middleware.AccessLog.func1.1","ip":"::1","level":"info","method":"GET","msg":"non json body...","path":"/css/common.css","queries":"sdjfklsd=","reqbody":"","time":"2020-01-15T23:38:47+08:00"}
{"duration":0,"file":"/Users/zhujianxin/Documents/go/src/BLOG/middleware/recover.go:80","func":"BLOG/middleware.AccessLog.func1.1","ip":"::1","level":"info","method":"GET","msg":"non json body...","path":"/lib/web-detector.js","queries":"","reqbody":"","time":"2020-01-15T23:38:47+08:00"}
{"duration":0,"file":"/Users/zhujianxin/Documents/go/src/BLOG/middleware/recover.go:80","func":"BLOG/middleware.AccessLog.func1.1","ip":"::1","level":"info","method":"GET","msg":"non json body...","path":"/lib/markdownit.js","queries":"","reqbody":"","time":"2020-01-15T23:38:47+08:00"}
{"duration":0,"file":"/Users/zhujianxin/Documents/go/src/BLOG/middleware/recover.go:80","func":"BLOG/middleware.AccessLog.func1.1","ip":"::1","level":"info","method":"GET","msg":"non json body...","path":"/js/common.js","queries":"","reqbody":"","time":"2020-01-15T23:38:47+08:00"}
{"duration":6,"file":"/Users/zhujianxin/Documents/go/src/BLOG/middleware/recover.go:80","func":"BLOG/middleware.AccessLog.func1.1","ip":"::1","level":"info","method":"GET","msg":"non json body...","path":"/article","queries":"","reqbody":"","time":"2020-01-15T23:38:56+08:00"}
{"duration":0,"file":"/Users/zhujianxin/Documents/go/src/BLOG/middleware/recover.go:80","func":"BLOG/middleware.AccessLog.func1.1","ip":"::1","level":"info","method":"GET","msg":"non json body...","path":"/css/common.css","queries":"sdjfklsd=","reqbody":"","time":"2020-01-15T23:38:56+08:00"}
{"duration":0,"file":"/Users/zhujianxin/Documents/go/src/BLOG/middleware/recover.go:80","func":"BLOG/middleware.AccessLog.func1.1","ip":"::1","level":"info","method":"GET","msg":"non json body...","path":"/lib/markdownit.js","queries":"","reqbody":"","time":"2020-01-15T23:38:57+08:00"}
{"duration":0,"file":"/Users/zhujianxin/Documents/go/src/BLOG/middleware/recover.go:80","func":"BLOG/middleware.AccessLog.func1.1","ip":"::1","level":"info","method":"GET","msg":"non json body...","path":"/js/common.js","queries":"","reqbody":"","time":"2020-01-15T23:38:57+08:00"}
{"duration":0,"file":"/Users/zhujianxin/Documents/go/src/BLOG/middleware/recover.go:80","func":"BLOG/middleware.AccessLog.func1.1","ip":"::1","level":"info","method":"GET","msg":"non json body...","path":"/lib/web-detector.js","queries":"","reqbody":"","time":"2020-01-15T23:38:57+08:00"}
{"duration":0,"file":"/Users/zhujianxin/Documents/go/src/BLOG/middleware/recover.go:80","func":"BLOG/middleware.AccessLog.func1.1","ip":"::1","level":"info","method":"GET","msg":"non json body...","path":"/lib/markdownit.js","queries":"","reqbody":"","time":"2020-01-15T23:38:57+08:00"}
{"duration":0,"file":"/Users/zhujianxin/Documents/go/src/BLOG/middleware/recover.go:80","func":"BLOG/middleware.AccessLog.func1.1","ip":"::1","level":"info","method":"GET","msg":"non json body...","path":"/js/common.js","queries":"","reqbody":"","time":"2020-01-15T23:38:57+08:00"}
{"duration":7,"file":"/Users/zhujianxin/Documents/go/src/BLOG/middleware/recover.go:80","func":"BLOG/middleware.AccessLog.func1.1","ip":"::1","level":"info","method":"GET","msg":"non json body...","path":"/article/1212","queries":"","reqbody":"","time":"2020-01-15T23:39:13+08:00"}
{"duration":0,"file":"/Users/zhujianxin/Documents/go/src/BLOG/middleware/recover.go:80","func":"BLOG/middleware.AccessLog.func1.1","ip":"::1","level":"info","method":"GET","msg":"non json body...","path":"/css/common.css","queries":"sdjfklsd=","reqbody":"","time":"2020-01-15T23:39:13+08:00"}
{"duration":0,"file":"/Users/zhujianxin/Documents/go/src/BLOG/middleware/recover.go:80","func":"BLOG/middleware.AccessLog.func1.1","ip":"::1","level":"info","method":"GET","msg":"non json body...","path":"/js/common.js","queries":"","reqbody":"","time":"2020-01-15T23:39:13+08:00"}
{"duration":0,"file":"/Users/zhujianxin/Documents/go/src/BLOG/middleware/recover.go:80","func":"BLOG/middleware.AccessLog.func1.1","ip":"::1","level":"info","method":"GET","msg":"non json body...","path":"/lib/markdownit.js","queries":"","reqbody":"","time":"2020-01-15T23:39:13+08:00"}
{"duration":0,"file":"/Users/zhujianxin/Documents/go/src/BLOG/middleware/recover.go:80","func":"BLOG/middleware.AccessLog.func1.1","ip":"::1","level":"info","method":"GET","msg":"non json body...","path":"/lib/web-detector.js","queries":"","reqbody":"","time":"2020-01-15T23:39:13+08:00"}
{"duration":0,"file":"/Users/zhujianxin/Documents/go/src/BLOG/middleware/recover.go:80","func":"BLOG/middleware.AccessLog.func1.1","ip":"::1","level":"info","method":"GET","msg":"non json body...","path":"/lib/markdownit.js","queries":"","reqbody":"","time":"2020-01-15T23:39:13+08:00"}
{"duration":0,"file":"/Users/zhujianxin/Documents/go/src/BLOG/middleware/recover.go:80","func":"BLOG/middleware.AccessLog.func1.1","ip":"::1","level":"info","method":"GET","msg":"non json body...","path":"/js/common.js","queries":"","reqbody":"","time":"2020-01-15T23:39:13+08:00"}
