{"duration":11,"file":"/Users/zhujianxin/Documents/go/src/BLOG/middleware/recover.go:80","func":"BLOG/middleware.AccessLog.func1.1","ip":"::1","level":"info","method":"GET","msg":"non json body...","path":"/","queries":"","reqbody":"","time":"2020-01-16T10:02:19+08:00"}
{"duration":0,"file":"/Users/zhujianxin/Documents/go/src/BLOG/middleware/recover.go:80","func":"BLOG/middleware.AccessLog.func1.1","ip":"::1","level":"info","method":"GET","msg":"non json body...","path":"/css/common.css","queries":"sdjfklsd=","reqbody":"","time":"2020-01-16T10:02:19+08:00"}
{"duration":0,"file":"/Users/zhujianxin/Documents/go/src/BLOG/middleware/recover.go:80","func":"BLOG/middleware.AccessLog.func1.1","ip":"::1","level":"info","method":"GET","msg":"non json body...","path":"/lib/web-detector.js","queries":"","reqbody":"","time":"2020-01-16T10:02:19+08:00"}
{"duration":0,"file":"/Users/zhujianxin/Documents/go/src/BLOG/middleware/recover.go:80","func":"BLOG/middleware.AccessLog.func1.1","ip":"::1","level":"info","method":"GET","msg":"non json body...","path":"/lib/markdownit.js","queries":"","reqbody":"","time":"2020-01-16T10:02:19+08:00"}
{"duration":0,"file":"/Users/zhujianxin/Documents/go/src/BLOG/middleware/recover.go:80","func":"BLOG/middleware.AccessLog.func1.1","ip":"::1","level":"info","method":"GET","msg":"non json body...","path":"/js/common.js","queries":"","reqbody":"","time":"2020-01-16T10:02:19+08:00"}
{"duration":13,"file":"/Users/zhujianxin/Documents/go/src/BLOG/middleware/recover.go:80","func":"BLOG/middleware.AccessLog.func1.1","ip":"::1","level":"info","method":"GET","msg":"non json body...","path":"/","queries":"","reqbody":"","time":"2020-01-16T10:03:50+08:00"}
{"duration":0,"file":"/Users/zhujianxin/Documents/go/src/BLOG/middleware/recover.go:80","func":"BLOG/middleware.AccessLog.func1.1","ip":"::1","level":"info","method":"GET","msg":"non json body...","path":"/css/common.css","queries":"sdjfklsd=","reqbody":"","time":"2020-01-16T10:03:51+08:00"}
{"duration":0,"file":"/Users/zhujianxin/Documents/go/src/BLOG/middleware/recover.go:80","func":"BLOG/middleware.AccessLog.func1.1","ip":"::1","level":"info","method":"GET","msg":"non json body...","path":"/lib/web-detector.js","queries":"","reqbody":"","time":"2020-01-16T10:03:51+08:00"}
{"duration":0,"file":"/Users/zhujianxin/Documents/go/src/BLOG/middleware/recover.go:80","func":"BLOG/middleware.AccessLog.func1.1","ip":"::1","level":"info","method":"GET","msg":"non json body...","path":"/lib/markdownit.js","queries":"","reqbody":"","time":"2020-01-16T10:03:51+08:00"}
{"duration":0,"file":"/Users/zhujianxin/Documents/go/src/BLOG/middleware/recover.go:80","func":"BLOG/middleware.AccessLog.func1.1","ip":"::1","level":"info","method":"GET","msg":"non json body...","path":"/js/common.js","queries":"","reqbody":"","time":"2020-01-16T10:03:51+08:00"}
{"duration":6,"file":"/Users/zhujianxin/Documents/go/src/BLOG/middleware/recover.go:80","func":"BLOG/middleware.AccessLog.func1.1","ip":"::1","level":"info","method":"GET","msg":"non json body...","path":"/","queries":"","reqbody":"","time":"2020-01-16T10:04:22+08:00"}
{"duration":0,"file":"/Users/zhujianxin/Documents/go/src/BLOG/middleware/recover.go:80","func":"BLOG/middleware.AccessLog.func1.1","ip":"::1","level":"info","method":"GET","msg":"non json body...","path":"/css/common.css","queries":"sdjfklsd=","reqbody":"","time":"2020-01-16T10:04:22+08:00"}
{"duration":0,"file":"/Users/zhujianxin/Documents/go/src/BLOG/middleware/recover.go:80","func":"BLOG/middleware.AccessLog.func1.1","ip":"::1","level":"info","method":"GET","msg":"non json body...","path":"/lib/web-detector.js","queries":"","reqbody":"","time":"2020-01-16T10:04:22+08:00"}
{"duration":0,"file":"/Users/zhujianxin/Documents/go/src/BLOG/middleware/recover.go:80","func":"BLOG/middleware.AccessLog.func1.1","ip":"::1","level":"info","method":"GET","msg":"non json body...","path":"/js/common.js","queries":"","reqbody":"","time":"2020-01-16T10:04:22+08:00"}
{"duration":0,"file":"/Users/zhujianxin/Documents/go/src/BLOG/middleware/recover.go:80","func":"BLOG/middleware.AccessLog.func1.1","ip":"::1","level":"info","method":"GET","msg":"non json body...","path":"/lib/markdownit.js","queries":"","reqbody":"","time":"2020-01-16T10:04:22+08:00"}
{"duration":0,"file":"/Users/zhujianxin/Documents/go/src/BLOG/middleware/recover.go:80","func":"BLOG/middleware.AccessLog.func1.1","ip":"::1","level":"info","method":"GET","msg":"non json body...","path":"/lib/markdownit.js","queries":"","reqbody":"","time":"2020-01-16T10:04:22+08:00"}
{"duration":0,"file":"/Users/zhujianxin/Documents/go/src/BLOG/middleware/recover.go:80","func":"BLOG/middleware.AccessLog.func1.1","ip":"::1","level":"info","method":"GET","msg":"non json body...","path":"/js/common.js","queries":"","reqbody":"","time":"2020-01-16T10:04:23+08:00"}
{"duration":9,"file":"/Users/zhujianxin/Documents/go/src/BLOG/middleware/recover.go:80","func":"BLOG/middleware.AccessLog.func1.1","ip":"::1","level":"info","method":"GET","msg":"non json body...","path":"/","queries":"","reqbody":"","time":"2020-01-16T10:05:23+08:00"}
{"duration":0,"file":"/Users/zhujianxin/Documents/go/src/BLOG/middleware/recover.go:80","func":"BLOG/middleware.AccessLog.func1.1","ip":"::1","level":"info","method":"GET","msg":"non json body...","path":"/css/common.css","queries":"sdjfklsd=","reqbody":"","time":"2020-01-16T10:05:23+08:00"}
{"duration":0,"file":"/Users/zhujianxin/Documents/go/src/BLOG/middleware/recover.go:80","func":"BLOG/middleware.AccessLog.func1.1","ip":"::1","level":"info","method":"GET","msg":"non json body...","path":"/lib/web-detector.js","queries":"","reqbody":"","time":"2020-01-16T10:05:23+08:00"}
{"duration":0,"file":"/Users/zhujianxin/Documents/go/src/BLOG/middleware/recover.go:80","func":"BLOG/middleware.AccessLog.func1.1","ip":"::1","level":"info","method":"GET","msg":"non json body...","path":"/js/common.js","queries":"","reqbody":"","time":"2020-01-16T10:05:23+08:00"}
{"duration":0,"file":"/Users/zhujianxin/Documents/go/src/BLOG/middleware/recover.go:80","func":"BLOG/middleware.AccessLog.func1.1","ip":"::1","level":"info","method":"GET","msg":"non json body...","path":"/lib/markdownit.js","queries":"","reqbody":"","time":"2020-01-16T10:05:23+08:00"}
{"duration":0,"file":"/Users/zhujianxin/Documents/go/src/BLOG/middleware/recover.go:80","func":"BLOG/middleware.AccessLog.func1.1","ip":"::1","level":"info","method":"GET","msg":"non json body...","path":"/js/common.js","queries":"","reqbody":"","time":"2020-01-16T10:05:23+08:00"}
